<?xml version="1.0" encoding="UTF-8"?>
<testng-results ignored="0" total="3" passed="2" failed="1" skipped="0">
  <reporter-output>
  </reporter-output>
  <suite started-at="2022-05-20T22:16:22 IST" name="Default suite" finished-at="2022-05-20T22:16:22 IST" duration-ms="54">
    <groups>
    </groups>
    <test started-at="2022-05-20T22:16:22 IST" name="Default test" finished-at="2022-05-20T22:16:22 IST" duration-ms="54">
      <class name="Practicle.NishantDivase">
        <test-method is-config="true" signature="lauch()[pri:0, instance:Practicle.NishantDivase@3aefe5e5]" started-at="2022-05-20T22:16:22 IST" name="lauch" finished-at="2022-05-20T22:16:22 IST" duration-ms="6" status="PASS">
          <reporter-output>
          </reporter-output>
        </test-method> <!-- lauch -->
        <test-method signature="TestA()[pri:0, instance:Practicle.NishantDivase@3aefe5e5]" started-at="2022-05-20T22:16:22 IST" name="TestA" finished-at="2022-05-20T22:16:22 IST" duration-ms="5" status="PASS">
          <reporter-output>
          </reporter-output>
        </test-method> <!-- TestA -->
        <test-method is-config="true" signature="Log()[pri:0, instance:Practicle.NishantDivase@3aefe5e5]" started-at="2022-05-20T22:16:22 IST" name="Log" finished-at="2022-05-20T22:16:22 IST" duration-ms="0" status="PASS">
          <reporter-output>
          </reporter-output>
        </test-method> <!-- Log -->
        <test-method is-config="true" signature="out()[pri:0, instance:Practicle.NishantDivase@3aefe5e5]" started-at="2022-05-20T22:16:22 IST" name="out" finished-at="2022-05-20T22:16:22 IST" duration-ms="0" status="PASS">
          <reporter-output>
          </reporter-output>
        </test-method> <!-- out -->
        <test-method signature="TestB()[pri:0, instance:Practicle.NishantDivase@3aefe5e5]" started-at="2022-05-20T22:16:22 IST" name="TestB" finished-at="2022-05-20T22:16:22 IST" duration-ms="2" status="PASS">
          <reporter-output>
          </reporter-output>
        </test-method> <!-- TestB -->
        <test-method is-config="true" signature="Log()[pri:0, instance:Practicle.NishantDivase@3aefe5e5]" started-at="2022-05-20T22:16:22 IST" name="Log" finished-at="2022-05-20T22:16:22 IST" duration-ms="0" status="PASS">
          <reporter-output>
          </reporter-output>
        </test-method> <!-- Log -->
        <test-method is-config="true" signature="Log()[pri:0, instance:Practicle.NishantDivase@3aefe5e5]" started-at="2022-05-20T22:16:22 IST" name="Log" finished-at="2022-05-20T22:16:22 IST" duration-ms="0" status="PASS">
          <reporter-output>
          </reporter-output>
        </test-method> <!-- Log -->
        <test-method is-config="true" signature="out()[pri:0, instance:Practicle.NishantDivase@3aefe5e5]" started-at="2022-05-20T22:16:22 IST" name="out" finished-at="2022-05-20T22:16:22 IST" duration-ms="0" status="PASS">
          <reporter-output>
          </reporter-output>
        </test-method> <!-- out -->
        <test-method signature="TestC()[pri:0, instance:Practicle.NishantDivase@3aefe5e5]" started-at="2022-05-20T22:16:22 IST" name="TestC" finished-at="2022-05-20T22:16:22 IST" duration-ms="1" status="FAIL">
          <exception class="java.lang.AssertionError">
            <message>
              <![CDATA[null]]>
            </message>
            <full-stacktrace>
              <![CDATA[java.lang.AssertionError: null
at org.testng.Assert.fail(Assert.java:99)
at org.testng.Assert.fail(Assert.java:106)
at Practicle.NishantDivase.TestC(NishantDivase.java:41)
at java.base/jdk.internal.reflect.NativeMethodAccessorImpl.invoke0(Native Method)
at java.base/jdk.internal.reflect.NativeMethodAccessorImpl.invoke(NativeMethodAccessorImpl.java:77)
at java.base/jdk.internal.reflect.DelegatingMethodAccessorImpl.invoke(DelegatingMethodAccessorImpl.java:43)
at java.base/java.lang.reflect.Method.invoke(Method.java:568)
at org.testng.internal.MethodInvocationHelper.invokeMethod(MethodInvocationHelper.java:133)
at org.testng.internal.TestInvoker.invokeMethod(TestInvoker.java:598)
at org.testng.internal.TestInvoker.invokeTestMethod(TestInvoker.java:173)
at org.testng.internal.MethodRunner.runInSequence(MethodRunner.java:46)
at org.testng.internal.TestInvoker$MethodInvocationAgent.invoke(TestInvoker.java:824)
at org.testng.internal.TestInvoker.invokeTestMethods(TestInvoker.java:146)
at org.testng.internal.TestMethodWorker.invokeTestMethods(TestMethodWorker.java:146)
at org.testng.internal.TestMethodWorker.run(TestMethodWorker.java:128)
at java.base/java.util.ArrayList.forEach(ArrayList.java:1511)
at org.testng.TestRunner.privateRun(TestRunner.java:794)
at org.testng.TestRunner.run(TestRunner.java:596)
at org.testng.SuiteRunner.runTest(SuiteRunner.java:377)
at org.testng.SuiteRunner.runSequentially(SuiteRunner.java:371)
at org.testng.SuiteRunner.privateRun(SuiteRunner.java:332)
at org.testng.SuiteRunner.run(SuiteRunner.java:276)
at org.testng.SuiteRunnerWorker.runSuite(SuiteRunnerWorker.java:53)
at org.testng.SuiteRunnerWorker.run(SuiteRunnerWorker.java:96)
at org.testng.TestNG.runSuitesSequentially(TestNG.java:1212)
at org.testng.TestNG.runSuitesLocally(TestNG.java:1134)
at org.testng.TestNG.runSuites(TestNG.java:1063)
at org.testng.TestNG.run(TestNG.java:1031)
at org.testng.remote.AbstractRemoteTestNG.run(AbstractRemoteTestNG.java:115)
at org.testng.remote.RemoteTestNG.initAndRun(RemoteTestNG.java:251)
at org.testng.remote.RemoteTestNG.main(RemoteTestNG.java:77)
]]>
            </full-stacktrace>
          </exception> <!-- java.lang.AssertionError -->
          <reporter-output>
          </reporter-output>
        </test-method> <!-- TestC -->
        <test-method is-config="true" signature="out()[pri:0, instance:Practicle.NishantDivase@3aefe5e5]" started-at="2022-05-20T22:16:22 IST" name="out" finished-at="2022-05-20T22:16:22 IST" duration-ms="1" status="PASS">
          <reporter-output>
          </reporter-output>
        </test-method> <!-- out -->
        <test-method is-config="true" signature="close()[pri:0, instance:Practicle.NishantDivase@3aefe5e5]" started-at="2022-05-20T22:16:22 IST" name="close" finished-at="2022-05-20T22:16:22 IST" duration-ms="0" status="PASS">
          <reporter-output>
          </reporter-output>
        </test-method> <!-- close -->
      </class> <!-- Practicle.NishantDivase -->
    </test> <!-- Default test -->
  </suite> <!-- Default suite -->
</testng-results>
